[0.018s] Invoking command in '/home/max/ros2fish/chapt3_topic/chapt3_topic_ws/build/example_topic_rclcpp': CMAKE_PREFIX_PATH=${CMAKE_PREFIX_PATH}:/opt/ros/humble /usr/bin/cmake --build /home/max/ros2fish/chapt3_topic/chapt3_topic_ws/build/example_topic_rclcpp -- -j2 -l2
[0.135s] -- Found ament_cmake: 1.3.8 (/opt/ros/humble/share/ament_cmake/cmake)
[0.344s] -- Found rclcpp: 16.0.8 (/opt/ros/humble/share/rclcpp/cmake)
[0.387s] -- Found rosidl_generator_c: 3.1.5 (/opt/ros/humble/share/rosidl_generator_c/cmake)
[0.390s] -- Found rosidl_adapter: 3.1.5 (/opt/ros/humble/share/rosidl_adapter/cmake)
[0.397s] -- Found rosidl_generator_cpp: 3.1.5 (/opt/ros/humble/share/rosidl_generator_cpp/cmake)
[0.414s] -- Using all available rosidl_typesupport_c: rosidl_typesupport_fastrtps_c;rosidl_typesupport_introspection_c
[0.447s] -- Using all available rosidl_typesupport_cpp: rosidl_typesupport_fastrtps_cpp;rosidl_typesupport_introspection_cpp
[0.537s] -- Found rmw_implementation_cmake: 6.1.1 (/opt/ros/humble/share/rmw_implementation_cmake/cmake)
[0.538s] -- Found rmw_fastrtps_cpp: 6.2.6 (/opt/ros/humble/share/rmw_fastrtps_cpp/cmake)
[0.723s] -- Using RMW implementation 'rmw_fastrtps_cpp' as default
[0.916s] -- Found ament_lint_auto: 0.12.10 (/opt/ros/humble/share/ament_lint_auto/cmake)
[1.005s] -- Added test 'cppcheck' to perform static code analysis on C / C++ code
[1.006s] -- Configured cppcheck include dirs: 
[1.007s] -- Configured cppcheck exclude dirs and/or files: 
[1.008s] -- Added test 'lint_cmake' to check CMake code style
[1.009s] -- Added test 'uncrustify' to check C / C++ code style
[1.011s] -- Configured uncrustify additional arguments: 
[1.011s] -- Added test 'xmllint' to check XML markup files
[1.012s] -- Configuring done
[1.037s] -- Generating done
[1.042s] -- Build files have been written to: /home/max/ros2fish/chapt3_topic/chapt3_topic_ws/build/example_topic_rclcpp
[1.088s] [35m[1mConsolidate compiler generated dependencies of target topic_publisher_01_node[0m
[1.119s] [ 50%] [32mBuilding CXX object CMakeFiles/topic_publisher_01_node.dir/src/topic_publisher_01_node.cpp.o[0m
[6.789s] [100%] [32m[1mLinking CXX executable topic_publisher_01_node[0m
[7.178s] [100%] Built target topic_publisher_01_node
[7.200s] Invoked command in '/home/max/ros2fish/chapt3_topic/chapt3_topic_ws/build/example_topic_rclcpp' returned '0': CMAKE_PREFIX_PATH=${CMAKE_PREFIX_PATH}:/opt/ros/humble /usr/bin/cmake --build /home/max/ros2fish/chapt3_topic/chapt3_topic_ws/build/example_topic_rclcpp -- -j2 -l2
[7.265s] Invoking command in '/home/max/ros2fish/chapt3_topic/chapt3_topic_ws/build/example_topic_rclcpp': CMAKE_PREFIX_PATH=${CMAKE_PREFIX_PATH}:/opt/ros/humble /usr/bin/cmake --install /home/max/ros2fish/chapt3_topic/chapt3_topic_ws/build/example_topic_rclcpp
[7.278s] -- Install configuration: ""
[7.278s] -- Installing: /home/max/ros2fish/chapt3_topic/chapt3_topic_ws/install/example_topic_rclcpp/share/ament_index/resource_index/package_run_dependencies/example_topic_rclcpp
[7.278s] -- Up-to-date: /home/max/ros2fish/chapt3_topic/chapt3_topic_ws/install/example_topic_rclcpp/share/ament_index/resource_index/parent_prefix_path/example_topic_rclcpp
[7.279s] -- Up-to-date: /home/max/ros2fish/chapt3_topic/chapt3_topic_ws/install/example_topic_rclcpp/share/example_topic_rclcpp/environment/ament_prefix_path.sh
[7.279s] -- Installing: /home/max/ros2fish/chapt3_topic/chapt3_topic_ws/install/example_topic_rclcpp/share/example_topic_rclcpp/environment/ament_prefix_path.dsv
[7.279s] -- Up-to-date: /home/max/ros2fish/chapt3_topic/chapt3_topic_ws/install/example_topic_rclcpp/share/example_topic_rclcpp/environment/path.sh
[7.279s] -- Installing: /home/max/ros2fish/chapt3_topic/chapt3_topic_ws/install/example_topic_rclcpp/share/example_topic_rclcpp/environment/path.dsv
[7.280s] -- Up-to-date: /home/max/ros2fish/chapt3_topic/chapt3_topic_ws/install/example_topic_rclcpp/share/example_topic_rclcpp/local_setup.bash
[7.280s] -- Up-to-date: /home/max/ros2fish/chapt3_topic/chapt3_topic_ws/install/example_topic_rclcpp/share/example_topic_rclcpp/local_setup.sh
[7.280s] -- Up-to-date: /home/max/ros2fish/chapt3_topic/chapt3_topic_ws/install/example_topic_rclcpp/share/example_topic_rclcpp/local_setup.zsh
[7.280s] -- Installing: /home/max/ros2fish/chapt3_topic/chapt3_topic_ws/install/example_topic_rclcpp/share/example_topic_rclcpp/local_setup.dsv
[7.280s] -- Installing: /home/max/ros2fish/chapt3_topic/chapt3_topic_ws/install/example_topic_rclcpp/share/example_topic_rclcpp/package.dsv
[7.281s] -- Up-to-date: /home/max/ros2fish/chapt3_topic/chapt3_topic_ws/install/example_topic_rclcpp/share/ament_index/resource_index/packages/example_topic_rclcpp
[7.281s] -- Up-to-date: /home/max/ros2fish/chapt3_topic/chapt3_topic_ws/install/example_topic_rclcpp/share/example_topic_rclcpp/cmake/example_topic_rclcppConfig.cmake
[7.281s] -- Up-to-date: /home/max/ros2fish/chapt3_topic/chapt3_topic_ws/install/example_topic_rclcpp/share/example_topic_rclcpp/cmake/example_topic_rclcppConfig-version.cmake
[7.281s] -- Installing: /home/max/ros2fish/chapt3_topic/chapt3_topic_ws/install/example_topic_rclcpp/share/example_topic_rclcpp/package.xml
[7.283s] -- Installing: /home/max/ros2fish/chapt3_topic/chapt3_topic_ws/install/example_topic_rclcpp/lib/example_topic_rclcpp/topic_publisher_01_node
[7.286s] -- Set runtime path of "/home/max/ros2fish/chapt3_topic/chapt3_topic_ws/install/example_topic_rclcpp/lib/example_topic_rclcpp/topic_publisher_01_node" to ""
[7.290s] Invoked command in '/home/max/ros2fish/chapt3_topic/chapt3_topic_ws/build/example_topic_rclcpp' returned '0': CMAKE_PREFIX_PATH=${CMAKE_PREFIX_PATH}:/opt/ros/humble /usr/bin/cmake --install /home/max/ros2fish/chapt3_topic/chapt3_topic_ws/build/example_topic_rclcpp
