[0.384s] DEBUG:colcon:Command line arguments: ['/usr/bin/colcon', 'build', '--packages-select', 'example_topic_rclcpp']
[0.385s] DEBUG:colcon:Parsed command line arguments: Namespace(log_base=None, log_level=None, verb_name='build', build_base='build', install_base='install', merge_install=False, symlink_install=False, test_result_base=None, continue_on_error=False, executor='parallel', parallel_workers=2, event_handlers=None, ignore_user_meta=False, metas=['./colcon.meta'], base_paths=['.'], packages_ignore=None, packages_ignore_regex=None, paths=None, packages_up_to=None, packages_up_to_regex=None, packages_above=None, packages_above_and_dependencies=None, packages_above_depth=None, packages_select_by_dep=None, packages_skip_by_dep=None, packages_skip_up_to=None, packages_select_build_failed=False, packages_skip_build_finished=False, packages_select_test_failures=False, packages_skip_test_passed=False, packages_select=['example_topic_rclcpp'], packages_skip=None, packages_select_regex=None, packages_skip_regex=None, packages_start=None, packages_end=None, allow_overriding=[], cmake_args=None, cmake_target=None, cmake_target_skip_unavailable=False, cmake_clean_cache=False, cmake_clean_first=False, cmake_force_configure=False, ament_cmake_args=None, catkin_cmake_args=None, catkin_skip_building_tests=False, verb_parser=<colcon_defaults.argument_parser.defaults.DefaultArgumentsDecorator object at 0x7eec903f7d90>, verb_extension=<colcon_core.verb.build.BuildVerb object at 0x7eec903f6da0>, main=<bound method BuildVerb.main of <colcon_core.verb.build.BuildVerb object at 0x7eec903f6da0>>)
[0.824s] Level 1:colcon.colcon_core.package_discovery:discover_packages(colcon_meta) check parameters
[0.824s] Level 1:colcon.colcon_core.package_discovery:discover_packages(recursive) check parameters
[0.824s] Level 1:colcon.colcon_core.package_discovery:discover_packages(ignore) check parameters
[0.824s] Level 1:colcon.colcon_core.package_discovery:discover_packages(path) check parameters
[0.824s] Level 1:colcon.colcon_core.package_discovery:discover_packages(colcon_meta) discover
[0.824s] Level 1:colcon.colcon_core.package_discovery:discover_packages(recursive) discover
[0.825s] INFO:colcon.colcon_core.package_discovery:Crawling recursively for packages in '/home/max/ros2fish/chapt3_topic/chapt3_topic_ws'
[0.825s] Level 1:colcon.colcon_core.package_identification:_identify(.) by extensions ['ignore', 'ignore_ament_install']
[0.825s] Level 1:colcon.colcon_core.package_identification:_identify(.) by extension 'ignore'
[0.825s] Level 1:colcon.colcon_core.package_identification:_identify(.) by extension 'ignore_ament_install'
[0.825s] Level 1:colcon.colcon_core.package_identification:_identify(.) by extensions ['colcon_pkg']
[0.825s] Level 1:colcon.colcon_core.package_identification:_identify(.) by extension 'colcon_pkg'
[0.825s] Level 1:colcon.colcon_core.package_identification:_identify(.) by extensions ['colcon_meta']
[0.825s] Level 1:colcon.colcon_core.package_identification:_identify(.) by extension 'colcon_meta'
[0.825s] Level 1:colcon.colcon_core.package_identification:_identify(.) by extensions ['ros']
[0.825s] Level 1:colcon.colcon_core.package_identification:_identify(.) by extension 'ros'
[0.850s] Level 1:colcon.colcon_core.package_identification:_identify(.) by extensions ['cmake', 'python']
[0.850s] Level 1:colcon.colcon_core.package_identification:_identify(.) by extension 'cmake'
[0.850s] Level 1:colcon.colcon_core.package_identification:_identify(.) by extension 'python'
[0.850s] Level 1:colcon.colcon_core.package_identification:_identify(.) by extensions ['python_setup_py']
[0.850s] Level 1:colcon.colcon_core.package_identification:_identify(.) by extension 'python_setup_py'
[0.850s] Level 1:colcon.colcon_core.package_identification:_identify(build) by extensions ['ignore', 'ignore_ament_install']
[0.850s] Level 1:colcon.colcon_core.package_identification:_identify(build) by extension 'ignore'
[0.850s] Level 1:colcon.colcon_core.package_identification:_identify(build) ignored
[0.851s] Level 1:colcon.colcon_core.package_identification:_identify(install) by extensions ['ignore', 'ignore_ament_install']
[0.851s] Level 1:colcon.colcon_core.package_identification:_identify(install) by extension 'ignore'
[0.851s] Level 1:colcon.colcon_core.package_identification:_identify(install) ignored
[0.851s] Level 1:colcon.colcon_core.package_identification:_identify(log) by extensions ['ignore', 'ignore_ament_install']
[0.851s] Level 1:colcon.colcon_core.package_identification:_identify(log) by extension 'ignore'
[0.851s] Level 1:colcon.colcon_core.package_identification:_identify(log) ignored
[0.851s] Level 1:colcon.colcon_core.package_identification:_identify(src) by extensions ['ignore', 'ignore_ament_install']
[0.851s] Level 1:colcon.colcon_core.package_identification:_identify(src) by extension 'ignore'
[0.851s] Level 1:colcon.colcon_core.package_identification:_identify(src) by extension 'ignore_ament_install'
[0.851s] Level 1:colcon.colcon_core.package_identification:_identify(src) by extensions ['colcon_pkg']
[0.851s] Level 1:colcon.colcon_core.package_identification:_identify(src) by extension 'colcon_pkg'
[0.851s] Level 1:colcon.colcon_core.package_identification:_identify(src) by extensions ['colcon_meta']
[0.851s] Level 1:colcon.colcon_core.package_identification:_identify(src) by extension 'colcon_meta'
[0.851s] Level 1:colcon.colcon_core.package_identification:_identify(src) by extensions ['ros']
[0.851s] Level 1:colcon.colcon_core.package_identification:_identify(src) by extension 'ros'
[0.851s] Level 1:colcon.colcon_core.package_identification:_identify(src) by extensions ['cmake', 'python']
[0.851s] Level 1:colcon.colcon_core.package_identification:_identify(src) by extension 'cmake'
[0.851s] Level 1:colcon.colcon_core.package_identification:_identify(src) by extension 'python'
[0.851s] Level 1:colcon.colcon_core.package_identification:_identify(src) by extensions ['python_setup_py']
[0.851s] Level 1:colcon.colcon_core.package_identification:_identify(src) by extension 'python_setup_py'
[0.852s] Level 1:colcon.colcon_core.package_identification:_identify(src/example_topic_rclcpp) by extensions ['ignore', 'ignore_ament_install']
[0.852s] Level 1:colcon.colcon_core.package_identification:_identify(src/example_topic_rclcpp) by extension 'ignore'
[0.852s] Level 1:colcon.colcon_core.package_identification:_identify(src/example_topic_rclcpp) by extension 'ignore_ament_install'
[0.852s] Level 1:colcon.colcon_core.package_identification:_identify(src/example_topic_rclcpp) by extensions ['colcon_pkg']
[0.852s] Level 1:colcon.colcon_core.package_identification:_identify(src/example_topic_rclcpp) by extension 'colcon_pkg'
[0.852s] Level 1:colcon.colcon_core.package_identification:_identify(src/example_topic_rclcpp) by extensions ['colcon_meta']
[0.852s] Level 1:colcon.colcon_core.package_identification:_identify(src/example_topic_rclcpp) by extension 'colcon_meta'
[0.852s] Level 1:colcon.colcon_core.package_identification:_identify(src/example_topic_rclcpp) by extensions ['ros']
[0.852s] Level 1:colcon.colcon_core.package_identification:_identify(src/example_topic_rclcpp) by extension 'ros'
[0.860s] DEBUG:colcon.colcon_core.package_identification:Package 'src/example_topic_rclcpp' with type 'ros.ament_cmake' and name 'example_topic_rclcpp'
[0.860s] Level 1:colcon.colcon_core.package_discovery:discover_packages(recursive) using defaults
[0.860s] Level 1:colcon.colcon_core.package_discovery:discover_packages(ignore) discover
[0.860s] Level 1:colcon.colcon_core.package_discovery:discover_packages(ignore) using defaults
[0.860s] Level 1:colcon.colcon_core.package_discovery:discover_packages(path) discover
[0.860s] Level 1:colcon.colcon_core.package_discovery:discover_packages(path) using defaults
[0.906s] Level 1:colcon.colcon_core.package_discovery:discover_packages(prefix_path) check parameters
[0.906s] Level 1:colcon.colcon_core.package_discovery:discover_packages(prefix_path) discover
[0.911s] DEBUG:colcon.colcon_installed_package_information.package_discovery:Found 270 installed packages in /opt/ros/humble
[0.912s] Level 1:colcon.colcon_core.package_discovery:discover_packages(prefix_path) using defaults
[1.034s] Level 5:colcon.colcon_core.verb:set package 'example_topic_rclcpp' build argument 'cmake_args' from command line to 'None'
[1.034s] Level 5:colcon.colcon_core.verb:set package 'example_topic_rclcpp' build argument 'cmake_target' from command line to 'None'
[1.034s] Level 5:colcon.colcon_core.verb:set package 'example_topic_rclcpp' build argument 'cmake_target_skip_unavailable' from command line to 'False'
[1.034s] Level 5:colcon.colcon_core.verb:set package 'example_topic_rclcpp' build argument 'cmake_clean_cache' from command line to 'False'
[1.034s] Level 5:colcon.colcon_core.verb:set package 'example_topic_rclcpp' build argument 'cmake_clean_first' from command line to 'False'
[1.034s] Level 5:colcon.colcon_core.verb:set package 'example_topic_rclcpp' build argument 'cmake_force_configure' from command line to 'False'
[1.034s] Level 5:colcon.colcon_core.verb:set package 'example_topic_rclcpp' build argument 'ament_cmake_args' from command line to 'None'
[1.034s] Level 5:colcon.colcon_core.verb:set package 'example_topic_rclcpp' build argument 'catkin_cmake_args' from command line to 'None'
[1.034s] Level 5:colcon.colcon_core.verb:set package 'example_topic_rclcpp' build argument 'catkin_skip_building_tests' from command line to 'False'
[1.034s] DEBUG:colcon.colcon_core.verb:Building package 'example_topic_rclcpp' with the following arguments: {'ament_cmake_args': None, 'build_base': '/home/max/ros2fish/chapt3_topic/chapt3_topic_ws/build/example_topic_rclcpp', 'catkin_cmake_args': None, 'catkin_skip_building_tests': False, 'cmake_args': None, 'cmake_clean_cache': False, 'cmake_clean_first': False, 'cmake_force_configure': False, 'cmake_target': None, 'cmake_target_skip_unavailable': False, 'install_base': '/home/max/ros2fish/chapt3_topic/chapt3_topic_ws/install/example_topic_rclcpp', 'merge_install': False, 'path': '/home/max/ros2fish/chapt3_topic/chapt3_topic_ws/src/example_topic_rclcpp', 'symlink_install': False, 'test_result_base': None}
[1.034s] INFO:colcon.colcon_core.executor:Executing jobs using 'parallel' executor
[1.038s] DEBUG:colcon.colcon_parallel_executor.executor.parallel:run_until_complete
[1.038s] INFO:colcon.colcon_ros.task.ament_cmake.build:Building ROS package in '/home/max/ros2fish/chapt3_topic/chapt3_topic_ws/src/example_topic_rclcpp' with build type 'ament_cmake'
[1.038s] INFO:colcon.colcon_cmake.task.cmake.build:Building CMake package in '/home/max/ros2fish/chapt3_topic/chapt3_topic_ws/src/example_topic_rclcpp'
[1.046s] INFO:colcon.colcon_core.plugin_system:Skipping extension 'colcon_core.shell.bat': Not used on non-Windows systems
[1.046s] INFO:colcon.colcon_core.shell:Skip shell extension 'powershell' for command environment: Not usable outside of PowerShell
[1.047s] DEBUG:colcon.colcon_core.shell:Skip shell extension 'dsv' for command environment
[1.057s] DEBUG:colcon.colcon_core.event_handler.log_command:Invoking command in '/home/max/ros2fish/chapt3_topic/chapt3_topic_ws/build/example_topic_rclcpp': CMAKE_PREFIX_PATH=/opt/ros/humble /usr/bin/cmake /home/max/ros2fish/chapt3_topic/chapt3_topic_ws/src/example_topic_rclcpp -DCMAKE_INSTALL_PREFIX=/home/max/ros2fish/chapt3_topic/chapt3_topic_ws/install/example_topic_rclcpp
[4.675s] DEBUG:colcon.colcon_core.event_handler.log_command:Invoked command in '/home/max/ros2fish/chapt3_topic/chapt3_topic_ws/build/example_topic_rclcpp' returned '0': CMAKE_PREFIX_PATH=/opt/ros/humble /usr/bin/cmake /home/max/ros2fish/chapt3_topic/chapt3_topic_ws/src/example_topic_rclcpp -DCMAKE_INSTALL_PREFIX=/home/max/ros2fish/chapt3_topic/chapt3_topic_ws/install/example_topic_rclcpp
[4.676s] DEBUG:colcon.colcon_core.event_handler.log_command:Invoking command in '/home/max/ros2fish/chapt3_topic/chapt3_topic_ws/build/example_topic_rclcpp': CMAKE_PREFIX_PATH=/opt/ros/humble /usr/bin/cmake --build /home/max/ros2fish/chapt3_topic/chapt3_topic_ws/build/example_topic_rclcpp -- -j2 -l2
[30.228s] DEBUG:colcon.colcon_core.event_handler.log_command:Invoked command in '/home/max/ros2fish/chapt3_topic/chapt3_topic_ws/build/example_topic_rclcpp' returned '0': CMAKE_PREFIX_PATH=/opt/ros/humble /usr/bin/cmake --build /home/max/ros2fish/chapt3_topic/chapt3_topic_ws/build/example_topic_rclcpp -- -j2 -l2
[30.319s] DEBUG:colcon.colcon_core.event_handler.log_command:Invoking command in '/home/max/ros2fish/chapt3_topic/chapt3_topic_ws/build/example_topic_rclcpp': CMAKE_PREFIX_PATH=/opt/ros/humble /usr/bin/cmake --install /home/max/ros2fish/chapt3_topic/chapt3_topic_ws/build/example_topic_rclcpp
[30.376s] Level 1:colcon.colcon_core.environment:create_environment_scripts_only(example_topic_rclcpp)
[30.383s] DEBUG:colcon.colcon_core.event_handler.log_command:Invoked command in '/home/max/ros2fish/chapt3_topic/chapt3_topic_ws/build/example_topic_rclcpp' returned '0': CMAKE_PREFIX_PATH=/opt/ros/humble /usr/bin/cmake --install /home/max/ros2fish/chapt3_topic/chapt3_topic_ws/build/example_topic_rclcpp
[30.422s] Level 1:colcon.colcon_core.environment:checking '/home/max/ros2fish/chapt3_topic/chapt3_topic_ws/install/example_topic_rclcpp' for CMake module files
[30.424s] Level 1:colcon.colcon_core.environment:checking '/home/max/ros2fish/chapt3_topic/chapt3_topic_ws/install/example_topic_rclcpp' for CMake config files
[30.425s] Level 1:colcon.colcon_core.shell:create_environment_hook('example_topic_rclcpp', 'cmake_prefix_path')
[30.428s] INFO:colcon.colcon_core.shell:Creating environment hook '/home/max/ros2fish/chapt3_topic/chapt3_topic_ws/install/example_topic_rclcpp/share/example_topic_rclcpp/hook/cmake_prefix_path.ps1'
[30.447s] INFO:colcon.colcon_core.shell:Creating environment descriptor '/home/max/ros2fish/chapt3_topic/chapt3_topic_ws/install/example_topic_rclcpp/share/example_topic_rclcpp/hook/cmake_prefix_path.dsv'
[30.449s] INFO:colcon.colcon_core.shell:Creating environment hook '/home/max/ros2fish/chapt3_topic/chapt3_topic_ws/install/example_topic_rclcpp/share/example_topic_rclcpp/hook/cmake_prefix_path.sh'
[30.454s] Level 1:colcon.colcon_core.environment:checking '/home/max/ros2fish/chapt3_topic/chapt3_topic_ws/install/example_topic_rclcpp/lib'
[30.455s] Level 1:colcon.colcon_core.environment:checking '/home/max/ros2fish/chapt3_topic/chapt3_topic_ws/install/example_topic_rclcpp/bin'
[30.455s] Level 1:colcon.colcon_core.environment:checking '/home/max/ros2fish/chapt3_topic/chapt3_topic_ws/install/example_topic_rclcpp/lib/pkgconfig/example_topic_rclcpp.pc'
[30.459s] Level 1:colcon.colcon_core.environment:checking '/home/max/ros2fish/chapt3_topic/chapt3_topic_ws/install/example_topic_rclcpp/lib/python3.10/site-packages'
[30.460s] Level 1:colcon.colcon_core.environment:checking '/home/max/ros2fish/chapt3_topic/chapt3_topic_ws/install/example_topic_rclcpp/bin'
[30.461s] INFO:colcon.colcon_core.shell:Creating package script '/home/max/ros2fish/chapt3_topic/chapt3_topic_ws/install/example_topic_rclcpp/share/example_topic_rclcpp/package.ps1'
[30.463s] INFO:colcon.colcon_core.shell:Creating package descriptor '/home/max/ros2fish/chapt3_topic/chapt3_topic_ws/install/example_topic_rclcpp/share/example_topic_rclcpp/package.dsv'
[30.464s] INFO:colcon.colcon_core.shell:Creating package script '/home/max/ros2fish/chapt3_topic/chapt3_topic_ws/install/example_topic_rclcpp/share/example_topic_rclcpp/package.sh'
[30.467s] INFO:colcon.colcon_core.shell:Creating package script '/home/max/ros2fish/chapt3_topic/chapt3_topic_ws/install/example_topic_rclcpp/share/example_topic_rclcpp/package.bash'
[30.470s] INFO:colcon.colcon_core.shell:Creating package script '/home/max/ros2fish/chapt3_topic/chapt3_topic_ws/install/example_topic_rclcpp/share/example_topic_rclcpp/package.zsh'
[30.473s] Level 1:colcon.colcon_core.environment:create_file_with_runtime_dependencies(/home/max/ros2fish/chapt3_topic/chapt3_topic_ws/install/example_topic_rclcpp/share/colcon-core/packages/example_topic_rclcpp)
[30.562s] Level 1:colcon.colcon_core.environment:create_environment_scripts_only(example_topic_rclcpp)
[30.564s] Level 1:colcon.colcon_core.environment:checking '/home/max/ros2fish/chapt3_topic/chapt3_topic_ws/install/example_topic_rclcpp' for CMake module files
[30.566s] Level 1:colcon.colcon_core.environment:checking '/home/max/ros2fish/chapt3_topic/chapt3_topic_ws/install/example_topic_rclcpp' for CMake config files
[30.566s] Level 1:colcon.colcon_core.shell:create_environment_hook('example_topic_rclcpp', 'cmake_prefix_path')
[30.567s] INFO:colcon.colcon_core.shell:Creating environment hook '/home/max/ros2fish/chapt3_topic/chapt3_topic_ws/install/example_topic_rclcpp/share/example_topic_rclcpp/hook/cmake_prefix_path.ps1'
[30.569s] INFO:colcon.colcon_core.shell:Creating environment descriptor '/home/max/ros2fish/chapt3_topic/chapt3_topic_ws/install/example_topic_rclcpp/share/example_topic_rclcpp/hook/cmake_prefix_path.dsv'
[30.570s] INFO:colcon.colcon_core.shell:Creating environment hook '/home/max/ros2fish/chapt3_topic/chapt3_topic_ws/install/example_topic_rclcpp/share/example_topic_rclcpp/hook/cmake_prefix_path.sh'
[30.572s] Level 1:colcon.colcon_core.environment:checking '/home/max/ros2fish/chapt3_topic/chapt3_topic_ws/install/example_topic_rclcpp/lib'
[30.572s] Level 1:colcon.colcon_core.environment:checking '/home/max/ros2fish/chapt3_topic/chapt3_topic_ws/install/example_topic_rclcpp/bin'
[30.572s] Level 1:colcon.colcon_core.environment:checking '/home/max/ros2fish/chapt3_topic/chapt3_topic_ws/install/example_topic_rclcpp/lib/pkgconfig/example_topic_rclcpp.pc'
[30.572s] Level 1:colcon.colcon_core.environment:checking '/home/max/ros2fish/chapt3_topic/chapt3_topic_ws/install/example_topic_rclcpp/lib/python3.10/site-packages'
[30.573s] Level 1:colcon.colcon_core.environment:checking '/home/max/ros2fish/chapt3_topic/chapt3_topic_ws/install/example_topic_rclcpp/bin'
[30.573s] INFO:colcon.colcon_core.shell:Creating package script '/home/max/ros2fish/chapt3_topic/chapt3_topic_ws/install/example_topic_rclcpp/share/example_topic_rclcpp/package.ps1'
[30.575s] INFO:colcon.colcon_core.shell:Creating package descriptor '/home/max/ros2fish/chapt3_topic/chapt3_topic_ws/install/example_topic_rclcpp/share/example_topic_rclcpp/package.dsv'
[30.577s] INFO:colcon.colcon_core.shell:Creating package script '/home/max/ros2fish/chapt3_topic/chapt3_topic_ws/install/example_topic_rclcpp/share/example_topic_rclcpp/package.sh'
[30.582s] INFO:colcon.colcon_core.shell:Creating package script '/home/max/ros2fish/chapt3_topic/chapt3_topic_ws/install/example_topic_rclcpp/share/example_topic_rclcpp/package.bash'
[30.583s] INFO:colcon.colcon_core.shell:Creating package script '/home/max/ros2fish/chapt3_topic/chapt3_topic_ws/install/example_topic_rclcpp/share/example_topic_rclcpp/package.zsh'
[30.584s] Level 1:colcon.colcon_core.environment:create_file_with_runtime_dependencies(/home/max/ros2fish/chapt3_topic/chapt3_topic_ws/install/example_topic_rclcpp/share/colcon-core/packages/example_topic_rclcpp)
[30.590s] DEBUG:colcon.colcon_parallel_executor.executor.parallel:closing loop
[30.592s] DEBUG:colcon.colcon_parallel_executor.executor.parallel:loop closed
[30.593s] DEBUG:colcon.colcon_parallel_executor.executor.parallel:run_until_complete finished with '0'
[30.594s] DEBUG:colcon.colcon_core.event_reactor:joining thread
[30.649s] INFO:colcon.colcon_core.plugin_system:Skipping extension 'colcon_notification.desktop_notification.terminal_notifier': Not used on non-Darwin systems
[30.650s] INFO:colcon.colcon_core.plugin_system:Skipping extension 'colcon_notification.desktop_notification.win32': Not used on non-Windows systems
[30.650s] INFO:colcon.colcon_notification.desktop_notification:Sending desktop notification using 'notify2'
[30.771s] DEBUG:colcon.colcon_core.event_reactor:joined thread
[30.774s] INFO:colcon.colcon_core.shell:Creating prefix script '/home/max/ros2fish/chapt3_topic/chapt3_topic_ws/install/local_setup.ps1'
[30.776s] INFO:colcon.colcon_core.shell:Creating prefix util module '/home/max/ros2fish/chapt3_topic/chapt3_topic_ws/install/_local_setup_util_ps1.py'
[30.778s] INFO:colcon.colcon_core.shell:Creating prefix chain script '/home/max/ros2fish/chapt3_topic/chapt3_topic_ws/install/setup.ps1'
[30.780s] INFO:colcon.colcon_core.shell:Creating prefix script '/home/max/ros2fish/chapt3_topic/chapt3_topic_ws/install/local_setup.sh'
[30.781s] INFO:colcon.colcon_core.shell:Creating prefix util module '/home/max/ros2fish/chapt3_topic/chapt3_topic_ws/install/_local_setup_util_sh.py'
[30.781s] INFO:colcon.colcon_core.shell:Creating prefix chain script '/home/max/ros2fish/chapt3_topic/chapt3_topic_ws/install/setup.sh'
[30.788s] INFO:colcon.colcon_core.shell:Creating prefix script '/home/max/ros2fish/chapt3_topic/chapt3_topic_ws/install/local_setup.bash'
[30.789s] INFO:colcon.colcon_core.shell:Creating prefix chain script '/home/max/ros2fish/chapt3_topic/chapt3_topic_ws/install/setup.bash'
[30.792s] INFO:colcon.colcon_core.shell:Creating prefix script '/home/max/ros2fish/chapt3_topic/chapt3_topic_ws/install/local_setup.zsh'
[30.794s] INFO:colcon.colcon_core.shell:Creating prefix chain script '/home/max/ros2fish/chapt3_topic/chapt3_topic_ws/install/setup.zsh'
