-- Found ament_cmake: 1.3.8 (/opt/ros/humble/share/ament_cmake/cmake)
-- Found rclcpp: 16.0.8 (/opt/ros/humble/share/rclcpp/cmake)
-- Found rosidl_generator_c: 3.1.5 (/opt/ros/humble/share/rosidl_generator_c/cmake)
-- Found rosidl_adapter: 3.1.5 (/opt/ros/humble/share/rosidl_adapter/cmake)
-- Found rosidl_generator_cpp: 3.1.5 (/opt/ros/humble/share/rosidl_generator_cpp/cmake)
-- Using all available rosidl_typesupport_c: rosidl_typesupport_fastrtps_c;rosidl_typesupport_introspection_c
-- Using all available rosidl_typesupport_cpp: rosidl_typesupport_fastrtps_cpp;rosidl_typesupport_introspection_cpp
-- Found rmw_implementation_cmake: 6.1.1 (/opt/ros/humble/share/rmw_implementation_cmake/cmake)
-- Found rmw_fastrtps_cpp: 6.2.6 (/opt/ros/humble/share/rmw_fastrtps_cpp/cmake)
-- Using RMW implementation 'rmw_fastrtps_cpp' as default
-- Found ament_lint_auto: 0.12.10 (/opt/ros/humble/share/ament_lint_auto/cmake)
-- Added test 'cppcheck' to perform static code analysis on C / C++ code
-- Configured cppcheck include dirs: 
-- Configured cppcheck exclude dirs and/or files: 
-- Added test 'lint_cmake' to check CMake code style
-- Added test 'uncrustify' to check C / C++ code style
-- Configured uncrustify additional arguments: 
-- Added test 'xmllint' to check XML markup files
-- Configuring done
-- Generating done
-- Build files have been written to: /home/max/ros2fish/chapt3_topic/chapt3_topic_ws/build/example_topic_rclcpp
[35m[1mConsolidate compiler generated dependencies of target topic_publisher_01_node[0m
[ 25%] [32mBuilding CXX object CMakeFiles/topic_subscriber_01_node.dir/src/topic_subscriber_01_node.cpp.o[0m
[ 75%] Built target topic_publisher_01_node
[100%] [32m[1mLinking CXX executable topic_subscriber_01_node[0m
[100%] Built target topic_subscriber_01_node
-- Install configuration: ""
-- Up-to-date: /home/max/ros2fish/chapt3_topic/chapt3_topic_ws/install/example_topic_rclcpp/share/ament_index/resource_index/package_run_dependencies/example_topic_rclcpp
-- Up-to-date: /home/max/ros2fish/chapt3_topic/chapt3_topic_ws/install/example_topic_rclcpp/share/ament_index/resource_index/parent_prefix_path/example_topic_rclcpp
-- Up-to-date: /home/max/ros2fish/chapt3_topic/chapt3_topic_ws/install/example_topic_rclcpp/share/example_topic_rclcpp/environment/ament_prefix_path.sh
-- Installing: /home/max/ros2fish/chapt3_topic/chapt3_topic_ws/install/example_topic_rclcpp/share/example_topic_rclcpp/environment/ament_prefix_path.dsv
-- Up-to-date: /home/max/ros2fish/chapt3_topic/chapt3_topic_ws/install/example_topic_rclcpp/share/example_topic_rclcpp/environment/path.sh
-- Installing: /home/max/ros2fish/chapt3_topic/chapt3_topic_ws/install/example_topic_rclcpp/share/example_topic_rclcpp/environment/path.dsv
-- Up-to-date: /home/max/ros2fish/chapt3_topic/chapt3_topic_ws/install/example_topic_rclcpp/share/example_topic_rclcpp/local_setup.bash
-- Up-to-date: /home/max/ros2fish/chapt3_topic/chapt3_topic_ws/install/example_topic_rclcpp/share/example_topic_rclcpp/local_setup.sh
-- Up-to-date: /home/max/ros2fish/chapt3_topic/chapt3_topic_ws/install/example_topic_rclcpp/share/example_topic_rclcpp/local_setup.zsh
-- Installing: /home/max/ros2fish/chapt3_topic/chapt3_topic_ws/install/example_topic_rclcpp/share/example_topic_rclcpp/local_setup.dsv
-- Installing: /home/max/ros2fish/chapt3_topic/chapt3_topic_ws/install/example_topic_rclcpp/share/example_topic_rclcpp/package.dsv
-- Up-to-date: /home/max/ros2fish/chapt3_topic/chapt3_topic_ws/install/example_topic_rclcpp/share/ament_index/resource_index/packages/example_topic_rclcpp
-- Up-to-date: /home/max/ros2fish/chapt3_topic/chapt3_topic_ws/install/example_topic_rclcpp/share/example_topic_rclcpp/cmake/example_topic_rclcppConfig.cmake
-- Up-to-date: /home/max/ros2fish/chapt3_topic/chapt3_topic_ws/install/example_topic_rclcpp/share/example_topic_rclcpp/cmake/example_topic_rclcppConfig-version.cmake
-- Up-to-date: /home/max/ros2fish/chapt3_topic/chapt3_topic_ws/install/example_topic_rclcpp/share/example_topic_rclcpp/package.xml
-- Up-to-date: /home/max/ros2fish/chapt3_topic/chapt3_topic_ws/install/example_topic_rclcpp/lib/example_topic_rclcpp/topic_publisher_01_node
-- Installing: /home/max/ros2fish/chapt3_topic/chapt3_topic_ws/install/example_topic_rclcpp/lib/example_topic_rclcpp/topic_subscriber_01_node
-- Set runtime path of "/home/max/ros2fish/chapt3_topic/chapt3_topic_ws/install/example_topic_rclcpp/lib/example_topic_rclcpp/topic_subscriber_01_node" to ""
