[0.018s] Invoking command in '/home/max/ros2fish/chapt3_topic/chapt3_topic_ws/build/example_topic_rclcpp': CMAKE_PREFIX_PATH=${CMAKE_PREFIX_PATH}:/opt/ros/humble /usr/bin/cmake --build /home/max/ros2fish/chapt3_topic/chapt3_topic_ws/build/example_topic_rclcpp -- -j2 -l2
[0.138s] -- Found ament_cmake: 1.3.8 (/opt/ros/humble/share/ament_cmake/cmake)
[0.417s] -- Found rclcpp: 16.0.8 (/opt/ros/humble/share/rclcpp/cmake)
[0.508s] -- Found rosidl_generator_c: 3.1.5 (/opt/ros/humble/share/rosidl_generator_c/cmake)
[0.517s] -- Found rosidl_adapter: 3.1.5 (/opt/ros/humble/share/rosidl_adapter/cmake)
[0.539s] -- Found rosidl_generator_cpp: 3.1.5 (/opt/ros/humble/share/rosidl_generator_cpp/cmake)
[0.564s] -- Using all available rosidl_typesupport_c: rosidl_typesupport_fastrtps_c;rosidl_typesupport_introspection_c
[0.589s] -- Using all available rosidl_typesupport_cpp: rosidl_typesupport_fastrtps_cpp;rosidl_typesupport_introspection_cpp
[0.698s] -- Found rmw_implementation_cmake: 6.1.1 (/opt/ros/humble/share/rmw_implementation_cmake/cmake)
[0.702s] -- Found rmw_fastrtps_cpp: 6.2.6 (/opt/ros/humble/share/rmw_fastrtps_cpp/cmake)
[0.897s] -- Using RMW implementation 'rmw_fastrtps_cpp' as default
[1.168s] -- Found ament_lint_auto: 0.12.10 (/opt/ros/humble/share/ament_lint_auto/cmake)
[1.290s] -- Added test 'cppcheck' to perform static code analysis on C / C++ code
[1.290s] -- Configured cppcheck include dirs: 
[1.290s] -- Configured cppcheck exclude dirs and/or files: 
[1.291s] -- Added test 'lint_cmake' to check CMake code style
[1.293s] -- Added test 'uncrustify' to check C / C++ code style
[1.293s] -- Configured uncrustify additional arguments: 
[1.294s] -- Added test 'xmllint' to check XML markup files
[1.298s] -- Configuring done
[1.358s] -- Generating done
[1.366s] -- Build files have been written to: /home/max/ros2fish/chapt3_topic/chapt3_topic_ws/build/example_topic_rclcpp
[1.419s] [35m[1mConsolidate compiler generated dependencies of target topic_publisher_01_node[0m
[1.446s] [ 25%] [32mBuilding CXX object CMakeFiles/topic_subscriber_01_node.dir/src/topic_subscriber_01_node.cpp.o[0m
[1.458s] [ 75%] Built target topic_publisher_01_node
[5.852s] [100%] [32m[1mLinking CXX executable topic_subscriber_01_node[0m
[6.168s] [100%] Built target topic_subscriber_01_node
[6.205s] Invoked command in '/home/max/ros2fish/chapt3_topic/chapt3_topic_ws/build/example_topic_rclcpp' returned '0': CMAKE_PREFIX_PATH=${CMAKE_PREFIX_PATH}:/opt/ros/humble /usr/bin/cmake --build /home/max/ros2fish/chapt3_topic/chapt3_topic_ws/build/example_topic_rclcpp -- -j2 -l2
[6.263s] Invoking command in '/home/max/ros2fish/chapt3_topic/chapt3_topic_ws/build/example_topic_rclcpp': CMAKE_PREFIX_PATH=${CMAKE_PREFIX_PATH}:/opt/ros/humble /usr/bin/cmake --install /home/max/ros2fish/chapt3_topic/chapt3_topic_ws/build/example_topic_rclcpp
[6.276s] -- Install configuration: ""
[6.276s] -- Up-to-date: /home/max/ros2fish/chapt3_topic/chapt3_topic_ws/install/example_topic_rclcpp/share/ament_index/resource_index/package_run_dependencies/example_topic_rclcpp
[6.281s] -- Up-to-date: /home/max/ros2fish/chapt3_topic/chapt3_topic_ws/install/example_topic_rclcpp/share/ament_index/resource_index/parent_prefix_path/example_topic_rclcpp
[6.285s] -- Up-to-date: /home/max/ros2fish/chapt3_topic/chapt3_topic_ws/install/example_topic_rclcpp/share/example_topic_rclcpp/environment/ament_prefix_path.sh
[6.285s] -- Installing: /home/max/ros2fish/chapt3_topic/chapt3_topic_ws/install/example_topic_rclcpp/share/example_topic_rclcpp/environment/ament_prefix_path.dsv
[6.286s] -- Up-to-date: /home/max/ros2fish/chapt3_topic/chapt3_topic_ws/install/example_topic_rclcpp/share/example_topic_rclcpp/environment/path.sh
[6.286s] -- Installing: /home/max/ros2fish/chapt3_topic/chapt3_topic_ws/install/example_topic_rclcpp/share/example_topic_rclcpp/environment/path.dsv
[6.287s] -- Up-to-date: /home/max/ros2fish/chapt3_topic/chapt3_topic_ws/install/example_topic_rclcpp/share/example_topic_rclcpp/local_setup.bash
[6.287s] -- Up-to-date: /home/max/ros2fish/chapt3_topic/chapt3_topic_ws/install/example_topic_rclcpp/share/example_topic_rclcpp/local_setup.sh
[6.287s] -- Up-to-date: /home/max/ros2fish/chapt3_topic/chapt3_topic_ws/install/example_topic_rclcpp/share/example_topic_rclcpp/local_setup.zsh
[6.287s] -- Installing: /home/max/ros2fish/chapt3_topic/chapt3_topic_ws/install/example_topic_rclcpp/share/example_topic_rclcpp/local_setup.dsv
[6.287s] -- Installing: /home/max/ros2fish/chapt3_topic/chapt3_topic_ws/install/example_topic_rclcpp/share/example_topic_rclcpp/package.dsv
[6.288s] -- Up-to-date: /home/max/ros2fish/chapt3_topic/chapt3_topic_ws/install/example_topic_rclcpp/share/ament_index/resource_index/packages/example_topic_rclcpp
[6.290s] -- Up-to-date: /home/max/ros2fish/chapt3_topic/chapt3_topic_ws/install/example_topic_rclcpp/share/example_topic_rclcpp/cmake/example_topic_rclcppConfig.cmake
[6.290s] -- Up-to-date: /home/max/ros2fish/chapt3_topic/chapt3_topic_ws/install/example_topic_rclcpp/share/example_topic_rclcpp/cmake/example_topic_rclcppConfig-version.cmake
[6.290s] -- Up-to-date: /home/max/ros2fish/chapt3_topic/chapt3_topic_ws/install/example_topic_rclcpp/share/example_topic_rclcpp/package.xml
[6.291s] -- Up-to-date: /home/max/ros2fish/chapt3_topic/chapt3_topic_ws/install/example_topic_rclcpp/lib/example_topic_rclcpp/topic_publisher_01_node
[6.293s] -- Installing: /home/max/ros2fish/chapt3_topic/chapt3_topic_ws/install/example_topic_rclcpp/lib/example_topic_rclcpp/topic_subscriber_01_node
[6.293s] -- Set runtime path of "/home/max/ros2fish/chapt3_topic/chapt3_topic_ws/install/example_topic_rclcpp/lib/example_topic_rclcpp/topic_subscriber_01_node" to ""
[6.301s] Invoked command in '/home/max/ros2fish/chapt3_topic/chapt3_topic_ws/build/example_topic_rclcpp' returned '0': CMAKE_PREFIX_PATH=${CMAKE_PREFIX_PATH}:/opt/ros/humble /usr/bin/cmake --install /home/max/ros2fish/chapt3_topic/chapt3_topic_ws/build/example_topic_rclcpp
